<?xml version="1.0" encoding="UTF-8" standalone="no"?>
<beans xmlns="http://www.springframework.org/schema/beans"
	xmlns:aop="http://www.springframework.org/schema/aop" xmlns:context="http://www.springframework.org/schema/context"
	xmlns:jee="http://www.springframework.org/schema/jee" xmlns:tx="http://www.springframework.org/schema/tx"
	xmlns:xsi="http://www.w3.org/2001/XMLSchema-instance"
	xsi:schemaLocation="http://www.springframework.org/schema/aop http://www.springframework.org/schema/aop/spring-aop-3.0.xsd   http://www.springframework.org/schema/beans http://www.springframework.org/schema/beans/spring-beans-3.0.xsd   http://www.springframework.org/schema/context http://www.springframework.org/schema/context/spring-context-3.0.xsd   http://www.springframework.org/schema/jee http://www.springframework.org/schema/jee/spring-jee-3.0.xsd   http://www.springframework.org/schema/tx http://www.springframework.org/schema/tx/spring-tx-3.0.xsd">

	<bean class="org.springframework.orm.jpa.support.PersistenceAnnotationBeanPostProcessor" />

	<context:property-placeholder location="classpath*:META-INF/spring/test-database.properties" />

	<context:spring-configured />

	<context:component-scan base-package="com.gapso.trieda">
	</context:component-scan>

    <!-- HSQL-DB memory database; for testing only -->
    <bean id="hsqlMemoryDb" class="org.springframework.jdbc.datasource.DriverManagerDataSource">
        <property name="driverClassName" value="org.hsqldb.jdbcDriver" />
        <property name="url" value="jdbc:hsqldb:mem:mypersistence" />
        <property name="username" value="sa" />
        <property name="password" value="" />
    </bean>
 
    <!-- LOCAL entity manager factory -->
    <bean id="entityManagerFactory" class="org.springframework.orm.jpa.LocalContainerEntityManagerFactoryBean">
        <property name="persistenceUnitName" value="test-PU"/>
        <property name="persistenceXmlLocation" value="classpath:/META-INF/test-persistence.xml" />
        <property name="dataSource" ref="hsqlMemoryDb" />
        <property name="jpaVendorAdapter">
            <bean class="org.springframework.orm.jpa.vendor.HibernateJpaVendorAdapter">
                <property name="showSql" value="true" />
                <property name="generateDdl" value="true" />
                <property name="databasePlatform" value="org.hibernate.dialect.HSQLDialect" />
            </bean>
        </property>
    </bean>
 
    <bean class="org.springframework.orm.jpa.support.PersistenceAnnotationBeanPostProcessor"/>
 
    <bean id="transactionManager" class="org.springframework.orm.jpa.JpaTransactionManager">
        <property name="entityManagerFactory" ref="entityManagerFactory" />
        <property name="dataSource" ref="hsqlMemoryDb" />
    </bean>

	<tx:annotation-driven mode="aspectj" transaction-manager="transactionManager" />

	<bean class="com.gapso.trieda.domain.Parametro" id="parametroBean" />
	<bean class="com.gapso.trieda.domain.Usuario" id="usuarioBean" />
	<bean class="com.gapso.trieda.domain.Authority" id="authorityBean" />
	<bean class="com.gapso.trieda.domain.Turno" id="turnoBean" />
	<bean class="com.gapso.trieda.domain.Cenario" id="cenarioBean" />
	<bean class="com.gapso.trieda.domain.Campus" id="campusBean" />
	<bean class="com.gapso.trieda.domain.Unidade" id="unidadeBean" />
	<bean class="com.gapso.trieda.domain.TipoContrato" id="tipoContratoBean" />
	<bean class="com.gapso.trieda.domain.Titulacao" id="titulacaoBean" />
	<bean class="com.gapso.trieda.domain.AreaTitulacao" id="areaTitulacaoBean" />
	<bean class="com.gapso.trieda.domain.Professor" id="professorBean" />
	<bean class="com.gapso.trieda.domain.TipoSala" id="tipoSalaBean" />
	<bean class="com.gapso.trieda.domain.Sala" id="salaBean" />
	<bean class="com.gapso.trieda.domain.DivisaoCredito" id="divisaoCreditoBean" />
	<bean class="com.gapso.trieda.domain.TipoDisciplina" id="tipoDisciplinaBean" />
	<bean class="com.gapso.trieda.domain.Disciplina" id="disciplinaBean" />
	<bean class="com.gapso.trieda.domain.TipoCurso" id="tipoCursoBean" />
	<bean class="com.gapso.trieda.domain.Curso" id="cursoBean" />
	<bean class="com.gapso.trieda.domain.HorarioAula" id="horarioAulaBean" />
	<bean class="com.gapso.trieda.domain.DeslocamentoCampus" id="deslocamentoCampusBean" />
	<bean class="com.gapso.trieda.domain.DeslocamentoUnidade" id="deslocamentoUnidadeBean" />
	<bean class="com.gapso.trieda.domain.HorarioDisponivelCenario" id="horarioDisponivelCenarioBean" />
	<bean class="com.gapso.trieda.domain.ProfessorDisciplina" id="professorDisciplinaBean" />
	<bean class="com.gapso.trieda.domain.Incompatibilidade" id="incompatibilidadeBean" />
	<bean class="com.gapso.trieda.domain.Equivalencia" id="equivalenciaBean" />
	<bean class="com.gapso.trieda.domain.GrupoSala" id="grupoSalaBean" />
	<bean class="com.gapso.trieda.domain.Curriculo" id="curriculoBean" />
	<bean class="com.gapso.trieda.domain.CurriculoDisciplina" id="curriculoDisciplinaBean" />
	<bean class="com.gapso.trieda.domain.Oferta" id="OfertaBean" />
	<bean class="com.gapso.trieda.domain.Demanda" id="demandaBean" />
	<bean class="com.gapso.trieda.domain.SemanaLetiva" id="semanaLetivaBean" />
	<bean class="com.gapso.trieda.domain.AtendimentoTatico" id="atendimentoTaticoBean" />
	<bean class="com.gapso.trieda.domain.AtendimentoOperacional" id="atendimentoOperacionalBean" />
	<bean class="com.gapso.trieda.domain.Fixacao" id="fixacaoBean" />
	
</beans>
